2021-02-13 00:35:11,850 ERROR [http-nio-8080-exec-7] o.a.c.c.C.[.[.[.[dispatcherServlet] [DirectJDKLog.java:175] Servlet.service() for servlet [dispatcherServlet] in context with path [/community] threw exception [Request processing failed; nested exception is java.lang.NumberFormatException: For input string: "ef"] with root cause
java.lang.NumberFormatException: For input string: "ef"
	at java.lang.NumberFormatException.forInputString(NumberFormatException.java:65)
	at java.lang.Integer.parseInt(Integer.java:580)
	at java.lang.Integer.valueOf(Integer.java:766)
	at com.community.controller.MessageController.getLetterList(MessageController.java:33)
	at sun.reflect.NativeMethodAccessorImpl.invoke0(Native Method)
	at sun.reflect.NativeMethodAccessorImpl.invoke(NativeMethodAccessorImpl.java:62)
	at sun.reflect.DelegatingMethodAccessorImpl.invoke(DelegatingMethodAccessorImpl.java:43)
	at java.lang.reflect.Method.invoke(Method.java:498)
	at org.springframework.web.method.support.InvocableHandlerMethod.doInvoke(InvocableHandlerMethod.java:197)
	at org.springframework.web.method.support.InvocableHandlerMethod.invokeForRequest(InvocableHandlerMethod.java:141)
	at org.springframework.web.servlet.mvc.method.annotation.ServletInvocableHandlerMethod.invokeAndHandle(ServletInvocableHandlerMethod.java:106)
	at org.springframework.web.servlet.mvc.method.annotation.RequestMappingHandlerAdapter.invokeHandlerMethod(RequestMappingHandlerAdapter.java:894)
	at org.springframework.web.servlet.mvc.method.annotation.RequestMappingHandlerAdapter.handleInternal(RequestMappingHandlerAdapter.java:808)
	at org.springframework.web.servlet.mvc.method.AbstractHandlerMethodAdapter.handle(AbstractHandlerMethodAdapter.java:87)
	at org.springframework.web.servlet.DispatcherServlet.doDispatch(DispatcherServlet.java:1061)
	at org.springframework.web.servlet.DispatcherServlet.doService(DispatcherServlet.java:961)
	at org.springframework.web.servlet.FrameworkServlet.processRequest(FrameworkServlet.java:1006)
	at org.springframework.web.servlet.FrameworkServlet.doGet(FrameworkServlet.java:898)
	at javax.servlet.http.HttpServlet.service(HttpServlet.java:626)
	at org.springframework.web.servlet.FrameworkServlet.service(FrameworkServlet.java:883)
	at javax.servlet.http.HttpServlet.service(HttpServlet.java:733)
	at org.apache.catalina.core.ApplicationFilterChain.internalDoFilter(ApplicationFilterChain.java:231)
	at org.apache.catalina.core.ApplicationFilterChain.doFilter(ApplicationFilterChain.java:166)
	at org.apache.tomcat.websocket.server.WsFilter.doFilter(WsFilter.java:53)
	at org.apache.catalina.core.ApplicationFilterChain.internalDoFilter(ApplicationFilterChain.java:193)
	at org.apache.catalina.core.ApplicationFilterChain.doFilter(ApplicationFilterChain.java:166)
	at org.springframework.web.filter.RequestContextFilter.doFilterInternal(RequestContextFilter.java:100)
	at org.springframework.web.filter.OncePerRequestFilter.doFilter(OncePerRequestFilter.java:119)
	at org.apache.catalina.core.ApplicationFilterChain.internalDoFilter(ApplicationFilterChain.java:193)
	at org.apache.catalina.core.ApplicationFilterChain.doFilter(ApplicationFilterChain.java:166)
	at org.springframework.web.filter.FormContentFilter.doFilterInternal(FormContentFilter.java:93)
	at org.springframework.web.filter.OncePerRequestFilter.doFilter(OncePerRequestFilter.java:119)
	at org.apache.catalina.core.ApplicationFilterChain.internalDoFilter(ApplicationFilterChain.java:193)
	at org.apache.catalina.core.ApplicationFilterChain.doFilter(ApplicationFilterChain.java:166)
	at org.springframework.web.filter.CharacterEncodingFilter.doFilterInternal(CharacterEncodingFilter.java:201)
	at org.springframework.web.filter.OncePerRequestFilter.doFilter(OncePerRequestFilter.java:119)
	at org.apache.catalina.core.ApplicationFilterChain.internalDoFilter(ApplicationFilterChain.java:193)
	at org.apache.catalina.core.ApplicationFilterChain.doFilter(ApplicationFilterChain.java:166)
	at org.apache.catalina.core.StandardWrapperValve.invoke(StandardWrapperValve.java:202)
	at org.apache.catalina.core.StandardContextValve.invoke(StandardContextValve.java:97)
	at org.apache.catalina.authenticator.AuthenticatorBase.invoke(AuthenticatorBase.java:542)
	at org.apache.catalina.core.StandardHostValve.invoke(StandardHostValve.java:143)
	at org.apache.catalina.valves.ErrorReportValve.invoke(ErrorReportValve.java:92)
	at org.apache.catalina.core.StandardEngineValve.invoke(StandardEngineValve.java:78)
	at org.apache.catalina.connector.CoyoteAdapter.service(CoyoteAdapter.java:343)
	at org.apache.coyote.http11.Http11Processor.service(Http11Processor.java:374)
	at org.apache.coyote.AbstractProcessorLight.process(AbstractProcessorLight.java:65)
	at org.apache.coyote.AbstractProtocol$ConnectionHandler.process(AbstractProtocol.java:888)
	at org.apache.tomcat.util.net.NioEndpoint$SocketProcessor.doRun(NioEndpoint.java:1597)
	at org.apache.tomcat.util.net.SocketProcessorBase.run(SocketProcessorBase.java:49)
	at java.util.concurrent.ThreadPoolExecutor.runWorker(ThreadPoolExecutor.java:1149)
	at java.util.concurrent.ThreadPoolExecutor$Worker.run(ThreadPoolExecutor.java:624)
	at org.apache.tomcat.util.threads.TaskThread$WrappingRunnable.run(TaskThread.java:61)
	at java.lang.Thread.run(Thread.java:748)
2021-02-13 00:54:53,800 ERROR [http-nio-8080-exec-8] c.c.c.a.ExceptionAdvice [ExceptionAdvice.java:23] 服务器发生异常！
2021-02-13 00:54:53,801 ERROR [http-nio-8080-exec-8] c.c.c.a.ExceptionAdvice [ExceptionAdvice.java:25] java.lang.NumberFormatException.forInputString(NumberFormatException.java:65)
2021-02-13 00:54:53,801 ERROR [http-nio-8080-exec-8] c.c.c.a.ExceptionAdvice [ExceptionAdvice.java:25] java.lang.Integer.parseInt(Integer.java:580)
2021-02-13 00:54:53,801 ERROR [http-nio-8080-exec-8] c.c.c.a.ExceptionAdvice [ExceptionAdvice.java:25] java.lang.Integer.valueOf(Integer.java:766)
2021-02-13 00:54:53,801 ERROR [http-nio-8080-exec-8] c.c.c.a.ExceptionAdvice [ExceptionAdvice.java:25] com.community.controller.MessageController.getLetterList(MessageController.java:33)
2021-02-13 00:54:53,801 ERROR [http-nio-8080-exec-8] c.c.c.a.ExceptionAdvice [ExceptionAdvice.java:25] sun.reflect.NativeMethodAccessorImpl.invoke0(Native Method)
2021-02-13 00:54:53,802 ERROR [http-nio-8080-exec-8] c.c.c.a.ExceptionAdvice [ExceptionAdvice.java:25] sun.reflect.NativeMethodAccessorImpl.invoke(NativeMethodAccessorImpl.java:62)
2021-02-13 00:54:53,802 ERROR [http-nio-8080-exec-8] c.c.c.a.ExceptionAdvice [ExceptionAdvice.java:25] sun.reflect.DelegatingMethodAccessorImpl.invoke(DelegatingMethodAccessorImpl.java:43)
2021-02-13 00:54:53,802 ERROR [http-nio-8080-exec-8] c.c.c.a.ExceptionAdvice [ExceptionAdvice.java:25] java.lang.reflect.Method.invoke(Method.java:498)
2021-02-13 00:54:53,802 ERROR [http-nio-8080-exec-8] c.c.c.a.ExceptionAdvice [ExceptionAdvice.java:25] org.springframework.web.method.support.InvocableHandlerMethod.doInvoke(InvocableHandlerMethod.java:197)
2021-02-13 00:54:53,802 ERROR [http-nio-8080-exec-8] c.c.c.a.ExceptionAdvice [ExceptionAdvice.java:25] org.springframework.web.method.support.InvocableHandlerMethod.invokeForRequest(InvocableHandlerMethod.java:141)
2021-02-13 00:54:53,802 ERROR [http-nio-8080-exec-8] c.c.c.a.ExceptionAdvice [ExceptionAdvice.java:25] org.springframework.web.servlet.mvc.method.annotation.ServletInvocableHandlerMethod.invokeAndHandle(ServletInvocableHandlerMethod.java:106)
2021-02-13 00:54:53,803 ERROR [http-nio-8080-exec-8] c.c.c.a.ExceptionAdvice [ExceptionAdvice.java:25] org.springframework.web.servlet.mvc.method.annotation.RequestMappingHandlerAdapter.invokeHandlerMethod(RequestMappingHandlerAdapter.java:894)
2021-02-13 00:54:53,803 ERROR [http-nio-8080-exec-8] c.c.c.a.ExceptionAdvice [ExceptionAdvice.java:25] org.springframework.web.servlet.mvc.method.annotation.RequestMappingHandlerAdapter.handleInternal(RequestMappingHandlerAdapter.java:808)
2021-02-13 00:54:53,803 ERROR [http-nio-8080-exec-8] c.c.c.a.ExceptionAdvice [ExceptionAdvice.java:25] org.springframework.web.servlet.mvc.method.AbstractHandlerMethodAdapter.handle(AbstractHandlerMethodAdapter.java:87)
2021-02-13 00:54:53,803 ERROR [http-nio-8080-exec-8] c.c.c.a.ExceptionAdvice [ExceptionAdvice.java:25] org.springframework.web.servlet.DispatcherServlet.doDispatch(DispatcherServlet.java:1061)
2021-02-13 00:54:53,803 ERROR [http-nio-8080-exec-8] c.c.c.a.ExceptionAdvice [ExceptionAdvice.java:25] org.springframework.web.servlet.DispatcherServlet.doService(DispatcherServlet.java:961)
2021-02-13 00:54:53,804 ERROR [http-nio-8080-exec-8] c.c.c.a.ExceptionAdvice [ExceptionAdvice.java:25] org.springframework.web.servlet.FrameworkServlet.processRequest(FrameworkServlet.java:1006)
2021-02-13 00:54:53,804 ERROR [http-nio-8080-exec-8] c.c.c.a.ExceptionAdvice [ExceptionAdvice.java:25] org.springframework.web.servlet.FrameworkServlet.doGet(FrameworkServlet.java:898)
2021-02-13 00:54:53,804 ERROR [http-nio-8080-exec-8] c.c.c.a.ExceptionAdvice [ExceptionAdvice.java:25] javax.servlet.http.HttpServlet.service(HttpServlet.java:626)
2021-02-13 00:54:53,804 ERROR [http-nio-8080-exec-8] c.c.c.a.ExceptionAdvice [ExceptionAdvice.java:25] org.springframework.web.servlet.FrameworkServlet.service(FrameworkServlet.java:883)
2021-02-13 00:54:53,804 ERROR [http-nio-8080-exec-8] c.c.c.a.ExceptionAdvice [ExceptionAdvice.java:25] javax.servlet.http.HttpServlet.service(HttpServlet.java:733)
2021-02-13 00:54:53,805 ERROR [http-nio-8080-exec-8] c.c.c.a.ExceptionAdvice [ExceptionAdvice.java:25] org.apache.catalina.core.ApplicationFilterChain.internalDoFilter(ApplicationFilterChain.java:231)
2021-02-13 00:54:53,805 ERROR [http-nio-8080-exec-8] c.c.c.a.ExceptionAdvice [ExceptionAdvice.java:25] org.apache.catalina.core.ApplicationFilterChain.doFilter(ApplicationFilterChain.java:166)
2021-02-13 00:54:53,806 ERROR [http-nio-8080-exec-8] c.c.c.a.ExceptionAdvice [ExceptionAdvice.java:25] org.apache.tomcat.websocket.server.WsFilter.doFilter(WsFilter.java:53)
2021-02-13 00:54:53,806 ERROR [http-nio-8080-exec-8] c.c.c.a.ExceptionAdvice [ExceptionAdvice.java:25] org.apache.catalina.core.ApplicationFilterChain.internalDoFilter(ApplicationFilterChain.java:193)
2021-02-13 00:54:53,807 ERROR [http-nio-8080-exec-8] c.c.c.a.ExceptionAdvice [ExceptionAdvice.java:25] org.apache.catalina.core.ApplicationFilterChain.doFilter(ApplicationFilterChain.java:166)
2021-02-13 00:54:53,807 ERROR [http-nio-8080-exec-8] c.c.c.a.ExceptionAdvice [ExceptionAdvice.java:25] org.springframework.web.filter.RequestContextFilter.doFilterInternal(RequestContextFilter.java:100)
2021-02-13 00:54:53,807 ERROR [http-nio-8080-exec-8] c.c.c.a.ExceptionAdvice [ExceptionAdvice.java:25] org.springframework.web.filter.OncePerRequestFilter.doFilter(OncePerRequestFilter.java:119)
2021-02-13 00:54:53,807 ERROR [http-nio-8080-exec-8] c.c.c.a.ExceptionAdvice [ExceptionAdvice.java:25] org.apache.catalina.core.ApplicationFilterChain.internalDoFilter(ApplicationFilterChain.java:193)
2021-02-13 00:54:53,807 ERROR [http-nio-8080-exec-8] c.c.c.a.ExceptionAdvice [ExceptionAdvice.java:25] org.apache.catalina.core.ApplicationFilterChain.doFilter(ApplicationFilterChain.java:166)
2021-02-13 00:54:53,807 ERROR [http-nio-8080-exec-8] c.c.c.a.ExceptionAdvice [ExceptionAdvice.java:25] org.springframework.web.filter.FormContentFilter.doFilterInternal(FormContentFilter.java:93)
2021-02-13 00:54:53,808 ERROR [http-nio-8080-exec-8] c.c.c.a.ExceptionAdvice [ExceptionAdvice.java:25] org.springframework.web.filter.OncePerRequestFilter.doFilter(OncePerRequestFilter.java:119)
2021-02-13 00:54:53,808 ERROR [http-nio-8080-exec-8] c.c.c.a.ExceptionAdvice [ExceptionAdvice.java:25] org.apache.catalina.core.ApplicationFilterChain.internalDoFilter(ApplicationFilterChain.java:193)
2021-02-13 00:54:53,808 ERROR [http-nio-8080-exec-8] c.c.c.a.ExceptionAdvice [ExceptionAdvice.java:25] org.apache.catalina.core.ApplicationFilterChain.doFilter(ApplicationFilterChain.java:166)
2021-02-13 00:54:53,808 ERROR [http-nio-8080-exec-8] c.c.c.a.ExceptionAdvice [ExceptionAdvice.java:25] org.springframework.web.filter.CharacterEncodingFilter.doFilterInternal(CharacterEncodingFilter.java:201)
2021-02-13 00:54:53,808 ERROR [http-nio-8080-exec-8] c.c.c.a.ExceptionAdvice [ExceptionAdvice.java:25] org.springframework.web.filter.OncePerRequestFilter.doFilter(OncePerRequestFilter.java:119)
2021-02-13 00:54:53,809 ERROR [http-nio-8080-exec-8] c.c.c.a.ExceptionAdvice [ExceptionAdvice.java:25] org.apache.catalina.core.ApplicationFilterChain.internalDoFilter(ApplicationFilterChain.java:193)
2021-02-13 00:54:53,809 ERROR [http-nio-8080-exec-8] c.c.c.a.ExceptionAdvice [ExceptionAdvice.java:25] org.apache.catalina.core.ApplicationFilterChain.doFilter(ApplicationFilterChain.java:166)
2021-02-13 00:54:53,809 ERROR [http-nio-8080-exec-8] c.c.c.a.ExceptionAdvice [ExceptionAdvice.java:25] org.apache.catalina.core.StandardWrapperValve.invoke(StandardWrapperValve.java:202)
2021-02-13 00:54:53,809 ERROR [http-nio-8080-exec-8] c.c.c.a.ExceptionAdvice [ExceptionAdvice.java:25] org.apache.catalina.core.StandardContextValve.invoke(StandardContextValve.java:97)
2021-02-13 00:54:53,809 ERROR [http-nio-8080-exec-8] c.c.c.a.ExceptionAdvice [ExceptionAdvice.java:25] org.apache.catalina.authenticator.AuthenticatorBase.invoke(AuthenticatorBase.java:542)
2021-02-13 00:54:53,809 ERROR [http-nio-8080-exec-8] c.c.c.a.ExceptionAdvice [ExceptionAdvice.java:25] org.apache.catalina.core.StandardHostValve.invoke(StandardHostValve.java:143)
2021-02-13 00:54:53,810 ERROR [http-nio-8080-exec-8] c.c.c.a.ExceptionAdvice [ExceptionAdvice.java:25] org.apache.catalina.valves.ErrorReportValve.invoke(ErrorReportValve.java:92)
2021-02-13 00:54:53,810 ERROR [http-nio-8080-exec-8] c.c.c.a.ExceptionAdvice [ExceptionAdvice.java:25] org.apache.catalina.core.StandardEngineValve.invoke(StandardEngineValve.java:78)
2021-02-13 00:54:53,810 ERROR [http-nio-8080-exec-8] c.c.c.a.ExceptionAdvice [ExceptionAdvice.java:25] org.apache.catalina.connector.CoyoteAdapter.service(CoyoteAdapter.java:343)
2021-02-13 00:54:53,810 ERROR [http-nio-8080-exec-8] c.c.c.a.ExceptionAdvice [ExceptionAdvice.java:25] org.apache.coyote.http11.Http11Processor.service(Http11Processor.java:374)
2021-02-13 00:54:53,810 ERROR [http-nio-8080-exec-8] c.c.c.a.ExceptionAdvice [ExceptionAdvice.java:25] org.apache.coyote.AbstractProcessorLight.process(AbstractProcessorLight.java:65)
2021-02-13 00:54:53,810 ERROR [http-nio-8080-exec-8] c.c.c.a.ExceptionAdvice [ExceptionAdvice.java:25] org.apache.coyote.AbstractProtocol$ConnectionHandler.process(AbstractProtocol.java:888)
2021-02-13 00:54:53,810 ERROR [http-nio-8080-exec-8] c.c.c.a.ExceptionAdvice [ExceptionAdvice.java:25] org.apache.tomcat.util.net.NioEndpoint$SocketProcessor.doRun(NioEndpoint.java:1597)
2021-02-13 00:54:53,811 ERROR [http-nio-8080-exec-8] c.c.c.a.ExceptionAdvice [ExceptionAdvice.java:25] org.apache.tomcat.util.net.SocketProcessorBase.run(SocketProcessorBase.java:49)
2021-02-13 00:54:53,811 ERROR [http-nio-8080-exec-8] c.c.c.a.ExceptionAdvice [ExceptionAdvice.java:25] java.util.concurrent.ThreadPoolExecutor.runWorker(ThreadPoolExecutor.java:1149)
2021-02-13 00:54:53,811 ERROR [http-nio-8080-exec-8] c.c.c.a.ExceptionAdvice [ExceptionAdvice.java:25] java.util.concurrent.ThreadPoolExecutor$Worker.run(ThreadPoolExecutor.java:624)
2021-02-13 00:54:53,811 ERROR [http-nio-8080-exec-8] c.c.c.a.ExceptionAdvice [ExceptionAdvice.java:25] org.apache.tomcat.util.threads.TaskThread$WrappingRunnable.run(TaskThread.java:61)
2021-02-13 00:54:53,811 ERROR [http-nio-8080-exec-8] c.c.c.a.ExceptionAdvice [ExceptionAdvice.java:25] java.lang.Thread.run(Thread.java:748)
2021-02-13 00:56:25,363 ERROR [http-nio-8080-exec-2] c.c.c.a.ExceptionAdvice [ExceptionAdvice.java:23] 服务器发生异常！
2021-02-13 00:56:25,363 ERROR [http-nio-8080-exec-2] c.c.c.a.ExceptionAdvice [ExceptionAdvice.java:25] java.lang.NumberFormatException.forInputString(NumberFormatException.java:65)
2021-02-13 00:56:25,364 ERROR [http-nio-8080-exec-2] c.c.c.a.ExceptionAdvice [ExceptionAdvice.java:25] java.lang.Integer.parseInt(Integer.java:580)
2021-02-13 00:56:25,364 ERROR [http-nio-8080-exec-2] c.c.c.a.ExceptionAdvice [ExceptionAdvice.java:25] java.lang.Integer.valueOf(Integer.java:766)
2021-02-13 00:56:25,364 ERROR [http-nio-8080-exec-2] c.c.c.a.ExceptionAdvice [ExceptionAdvice.java:25] com.community.controller.MessageController.sendLetter(MessageController.java:119)
2021-02-13 00:56:25,364 ERROR [http-nio-8080-exec-2] c.c.c.a.ExceptionAdvice [ExceptionAdvice.java:25] sun.reflect.NativeMethodAccessorImpl.invoke0(Native Method)
2021-02-13 00:56:25,364 ERROR [http-nio-8080-exec-2] c.c.c.a.ExceptionAdvice [ExceptionAdvice.java:25] sun.reflect.NativeMethodAccessorImpl.invoke(NativeMethodAccessorImpl.java:62)
2021-02-13 00:56:25,365 ERROR [http-nio-8080-exec-2] c.c.c.a.ExceptionAdvice [ExceptionAdvice.java:25] sun.reflect.DelegatingMethodAccessorImpl.invoke(DelegatingMethodAccessorImpl.java:43)
2021-02-13 00:56:25,365 ERROR [http-nio-8080-exec-2] c.c.c.a.ExceptionAdvice [ExceptionAdvice.java:25] java.lang.reflect.Method.invoke(Method.java:498)
2021-02-13 00:56:25,365 ERROR [http-nio-8080-exec-2] c.c.c.a.ExceptionAdvice [ExceptionAdvice.java:25] org.springframework.web.method.support.InvocableHandlerMethod.doInvoke(InvocableHandlerMethod.java:197)
2021-02-13 00:56:25,365 ERROR [http-nio-8080-exec-2] c.c.c.a.ExceptionAdvice [ExceptionAdvice.java:25] org.springframework.web.method.support.InvocableHandlerMethod.invokeForRequest(InvocableHandlerMethod.java:141)
2021-02-13 00:56:25,365 ERROR [http-nio-8080-exec-2] c.c.c.a.ExceptionAdvice [ExceptionAdvice.java:25] org.springframework.web.servlet.mvc.method.annotation.ServletInvocableHandlerMethod.invokeAndHandle(ServletInvocableHandlerMethod.java:106)
2021-02-13 00:56:25,365 ERROR [http-nio-8080-exec-2] c.c.c.a.ExceptionAdvice [ExceptionAdvice.java:25] org.springframework.web.servlet.mvc.method.annotation.RequestMappingHandlerAdapter.invokeHandlerMethod(RequestMappingHandlerAdapter.java:894)
2021-02-13 00:56:25,365 ERROR [http-nio-8080-exec-2] c.c.c.a.ExceptionAdvice [ExceptionAdvice.java:25] org.springframework.web.servlet.mvc.method.annotation.RequestMappingHandlerAdapter.handleInternal(RequestMappingHandlerAdapter.java:808)
2021-02-13 00:56:25,366 ERROR [http-nio-8080-exec-2] c.c.c.a.ExceptionAdvice [ExceptionAdvice.java:25] org.springframework.web.servlet.mvc.method.AbstractHandlerMethodAdapter.handle(AbstractHandlerMethodAdapter.java:87)
2021-02-13 00:56:25,366 ERROR [http-nio-8080-exec-2] c.c.c.a.ExceptionAdvice [ExceptionAdvice.java:25] org.springframework.web.servlet.DispatcherServlet.doDispatch(DispatcherServlet.java:1061)
2021-02-13 00:56:25,366 ERROR [http-nio-8080-exec-2] c.c.c.a.ExceptionAdvice [ExceptionAdvice.java:25] org.springframework.web.servlet.DispatcherServlet.doService(DispatcherServlet.java:961)
2021-02-13 00:56:25,366 ERROR [http-nio-8080-exec-2] c.c.c.a.ExceptionAdvice [ExceptionAdvice.java:25] org.springframework.web.servlet.FrameworkServlet.processRequest(FrameworkServlet.java:1006)
2021-02-13 00:56:25,366 ERROR [http-nio-8080-exec-2] c.c.c.a.ExceptionAdvice [ExceptionAdvice.java:25] org.springframework.web.servlet.FrameworkServlet.doPost(FrameworkServlet.java:909)
2021-02-13 00:56:25,367 ERROR [http-nio-8080-exec-2] c.c.c.a.ExceptionAdvice [ExceptionAdvice.java:25] javax.servlet.http.HttpServlet.service(HttpServlet.java:652)
2021-02-13 00:56:25,367 ERROR [http-nio-8080-exec-2] c.c.c.a.ExceptionAdvice [ExceptionAdvice.java:25] org.springframework.web.servlet.FrameworkServlet.service(FrameworkServlet.java:883)
2021-02-13 00:56:25,367 ERROR [http-nio-8080-exec-2] c.c.c.a.ExceptionAdvice [ExceptionAdvice.java:25] javax.servlet.http.HttpServlet.service(HttpServlet.java:733)
2021-02-13 00:56:25,367 ERROR [http-nio-8080-exec-2] c.c.c.a.ExceptionAdvice [ExceptionAdvice.java:25] org.apache.catalina.core.ApplicationFilterChain.internalDoFilter(ApplicationFilterChain.java:231)
2021-02-13 00:56:25,367 ERROR [http-nio-8080-exec-2] c.c.c.a.ExceptionAdvice [ExceptionAdvice.java:25] org.apache.catalina.core.ApplicationFilterChain.doFilter(ApplicationFilterChain.java:166)
2021-02-13 00:56:25,367 ERROR [http-nio-8080-exec-2] c.c.c.a.ExceptionAdvice [ExceptionAdvice.java:25] org.apache.tomcat.websocket.server.WsFilter.doFilter(WsFilter.java:53)
2021-02-13 00:56:25,367 ERROR [http-nio-8080-exec-2] c.c.c.a.ExceptionAdvice [ExceptionAdvice.java:25] org.apache.catalina.core.ApplicationFilterChain.internalDoFilter(ApplicationFilterChain.java:193)
2021-02-13 00:56:25,368 ERROR [http-nio-8080-exec-2] c.c.c.a.ExceptionAdvice [ExceptionAdvice.java:25] org.apache.catalina.core.ApplicationFilterChain.doFilter(ApplicationFilterChain.java:166)
2021-02-13 00:56:25,368 ERROR [http-nio-8080-exec-2] c.c.c.a.ExceptionAdvice [ExceptionAdvice.java:25] org.springframework.web.filter.RequestContextFilter.doFilterInternal(RequestContextFilter.java:100)
2021-02-13 00:56:25,368 ERROR [http-nio-8080-exec-2] c.c.c.a.ExceptionAdvice [ExceptionAdvice.java:25] org.springframework.web.filter.OncePerRequestFilter.doFilter(OncePerRequestFilter.java:119)
2021-02-13 00:56:25,368 ERROR [http-nio-8080-exec-2] c.c.c.a.ExceptionAdvice [ExceptionAdvice.java:25] org.apache.catalina.core.ApplicationFilterChain.internalDoFilter(ApplicationFilterChain.java:193)
2021-02-13 00:56:25,368 ERROR [http-nio-8080-exec-2] c.c.c.a.ExceptionAdvice [ExceptionAdvice.java:25] org.apache.catalina.core.ApplicationFilterChain.doFilter(ApplicationFilterChain.java:166)
2021-02-13 00:56:25,368 ERROR [http-nio-8080-exec-2] c.c.c.a.ExceptionAdvice [ExceptionAdvice.java:25] org.springframework.web.filter.FormContentFilter.doFilterInternal(FormContentFilter.java:93)
2021-02-13 00:56:25,368 ERROR [http-nio-8080-exec-2] c.c.c.a.ExceptionAdvice [ExceptionAdvice.java:25] org.springframework.web.filter.OncePerRequestFilter.doFilter(OncePerRequestFilter.java:119)
2021-02-13 00:56:25,369 ERROR [http-nio-8080-exec-2] c.c.c.a.ExceptionAdvice [ExceptionAdvice.java:25] org.apache.catalina.core.ApplicationFilterChain.internalDoFilter(ApplicationFilterChain.java:193)
2021-02-13 00:56:25,369 ERROR [http-nio-8080-exec-2] c.c.c.a.ExceptionAdvice [ExceptionAdvice.java:25] org.apache.catalina.core.ApplicationFilterChain.doFilter(ApplicationFilterChain.java:166)
2021-02-13 00:56:25,369 ERROR [http-nio-8080-exec-2] c.c.c.a.ExceptionAdvice [ExceptionAdvice.java:25] org.springframework.web.filter.CharacterEncodingFilter.doFilterInternal(CharacterEncodingFilter.java:201)
2021-02-13 00:56:25,369 ERROR [http-nio-8080-exec-2] c.c.c.a.ExceptionAdvice [ExceptionAdvice.java:25] org.springframework.web.filter.OncePerRequestFilter.doFilter(OncePerRequestFilter.java:119)
2021-02-13 00:56:25,370 ERROR [http-nio-8080-exec-2] c.c.c.a.ExceptionAdvice [ExceptionAdvice.java:25] org.apache.catalina.core.ApplicationFilterChain.internalDoFilter(ApplicationFilterChain.java:193)
2021-02-13 00:56:25,370 ERROR [http-nio-8080-exec-2] c.c.c.a.ExceptionAdvice [ExceptionAdvice.java:25] org.apache.catalina.core.ApplicationFilterChain.doFilter(ApplicationFilterChain.java:166)
2021-02-13 00:56:25,370 ERROR [http-nio-8080-exec-2] c.c.c.a.ExceptionAdvice [ExceptionAdvice.java:25] org.apache.catalina.core.StandardWrapperValve.invoke(StandardWrapperValve.java:202)
2021-02-13 00:56:25,370 ERROR [http-nio-8080-exec-2] c.c.c.a.ExceptionAdvice [ExceptionAdvice.java:25] org.apache.catalina.core.StandardContextValve.invoke(StandardContextValve.java:97)
2021-02-13 00:56:25,370 ERROR [http-nio-8080-exec-2] c.c.c.a.ExceptionAdvice [ExceptionAdvice.java:25] org.apache.catalina.authenticator.AuthenticatorBase.invoke(AuthenticatorBase.java:542)
2021-02-13 00:56:25,370 ERROR [http-nio-8080-exec-2] c.c.c.a.ExceptionAdvice [ExceptionAdvice.java:25] org.apache.catalina.core.StandardHostValve.invoke(StandardHostValve.java:143)
2021-02-13 00:56:25,370 ERROR [http-nio-8080-exec-2] c.c.c.a.ExceptionAdvice [ExceptionAdvice.java:25] org.apache.catalina.valves.ErrorReportValve.invoke(ErrorReportValve.java:92)
2021-02-13 00:56:25,370 ERROR [http-nio-8080-exec-2] c.c.c.a.ExceptionAdvice [ExceptionAdvice.java:25] org.apache.catalina.core.StandardEngineValve.invoke(StandardEngineValve.java:78)
2021-02-13 00:56:25,371 ERROR [http-nio-8080-exec-2] c.c.c.a.ExceptionAdvice [ExceptionAdvice.java:25] org.apache.catalina.connector.CoyoteAdapter.service(CoyoteAdapter.java:343)
2021-02-13 00:56:25,371 ERROR [http-nio-8080-exec-2] c.c.c.a.ExceptionAdvice [ExceptionAdvice.java:25] org.apache.coyote.http11.Http11Processor.service(Http11Processor.java:374)
2021-02-13 00:56:25,371 ERROR [http-nio-8080-exec-2] c.c.c.a.ExceptionAdvice [ExceptionAdvice.java:25] org.apache.coyote.AbstractProcessorLight.process(AbstractProcessorLight.java:65)
2021-02-13 00:56:25,371 ERROR [http-nio-8080-exec-2] c.c.c.a.ExceptionAdvice [ExceptionAdvice.java:25] org.apache.coyote.AbstractProtocol$ConnectionHandler.process(AbstractProtocol.java:888)
2021-02-13 00:56:25,371 ERROR [http-nio-8080-exec-2] c.c.c.a.ExceptionAdvice [ExceptionAdvice.java:25] org.apache.tomcat.util.net.NioEndpoint$SocketProcessor.doRun(NioEndpoint.java:1597)
2021-02-13 00:56:25,371 ERROR [http-nio-8080-exec-2] c.c.c.a.ExceptionAdvice [ExceptionAdvice.java:25] org.apache.tomcat.util.net.SocketProcessorBase.run(SocketProcessorBase.java:49)
2021-02-13 00:56:25,371 ERROR [http-nio-8080-exec-2] c.c.c.a.ExceptionAdvice [ExceptionAdvice.java:25] java.util.concurrent.ThreadPoolExecutor.runWorker(ThreadPoolExecutor.java:1149)
2021-02-13 00:56:25,372 ERROR [http-nio-8080-exec-2] c.c.c.a.ExceptionAdvice [ExceptionAdvice.java:25] java.util.concurrent.ThreadPoolExecutor$Worker.run(ThreadPoolExecutor.java:624)
2021-02-13 00:56:25,372 ERROR [http-nio-8080-exec-2] c.c.c.a.ExceptionAdvice [ExceptionAdvice.java:25] org.apache.tomcat.util.threads.TaskThread$WrappingRunnable.run(TaskThread.java:61)
2021-02-13 00:56:25,372 ERROR [http-nio-8080-exec-2] c.c.c.a.ExceptionAdvice [ExceptionAdvice.java:25] java.lang.Thread.run(Thread.java:748)
